INFO 2023-12-11 19:20:33,042 views 20996 2032 Вход в систему пользователя 2
INFO 2023-12-11 19:38:25,488 views 7372 19864 Выход пользователя 2
INFO 2023-12-11 19:38:41,114 views 7372 19864 Создан пользователь v@m.ru
INFO 2023-12-11 19:38:41,122 views 7372 19864 Вход в систему пользователя 3
DEBUG 2023-12-11 19:41:01,106 views 5300 19776 Документа пользователя 3 не существует
DEBUG 2023-12-11 19:41:04,569 views 5300 19776 Документа пользователя 3 не существует
DEBUG 2023-12-11 19:43:16,411 views 19572 12552 Документа пользователя 3 не существует
DEBUG 2023-12-11 19:43:20,936 views 19572 12552 Документа пользователя 3 не существует
INFO 2023-12-11 19:43:31,805 views 19572 12552 Сохранение ИНН пользователя 3
INFO 2023-12-11 19:51:23,543 views 11176 19824 Выход пользователя 3
INFO 2023-12-11 19:51:38,419 views 11176 19824 Создан пользователь al913@mail.rudffds
INFO 2023-12-11 19:51:38,419 views 11176 19824 Вход в систему пользователя 4
DEBUG 2023-12-11 19:51:42,537 views 11176 19824 Документа пользователя 4 не существует
DEBUG 2023-12-11 19:56:38,547 views 13160 19192 Паспорт пользователя 4 не создан - попытка ввода данных о супруге
DEBUG 2023-12-11 19:56:41,363 views 13160 19192 Документа пользователя 4 не существует
DEBUG 2023-12-11 20:00:20,359 views 13160 19192 Документа пользователя 4 не существует
DEBUG 2023-12-11 20:00:24,406 views 13160 19192 Паспорт пользователя 4 не создан - попытка ввода данных о супруге
DEBUG 2023-12-11 20:00:26,336 views 13160 19192 Документа пользователя 4 не существует
DEBUG 2023-12-11 20:02:00,078 views 8380 20164 Документа пользователя 4 не существует
DEBUG 2023-12-11 20:02:04,908 views 8380 20164 Документа пользователя 4 не существует
DEBUG 2023-12-11 20:05:34,259 views 13492 1924 Документа пользователя 4 не существует
DEBUG 2023-12-11 20:05:38,478 views 13492 1924 Документа пользователя 4 не существует
INFO 2023-12-11 20:05:45,240 views 13492 1924 Сохранение ИНН пользователя 4
INFO 2023-12-11 20:11:44,369 views 20592 12556 Выход пользователя 4
INFO 2023-12-11 20:12:15,305 views 20592 12556 Создан пользователь admin@mail.ru
INFO 2023-12-11 20:12:15,313 views 20592 12556 Вход в систему пользователя 5
DEBUG 2023-12-11 20:12:18,949 views 20592 12556 Документа пользователя 5 не существует
INFO 2023-12-11 20:12:24,989 views 20592 12556 Сохранение ИНН пользователя 5
INFO 2023-12-11 20:17:52,435 views 19648 16300 Выход пользователя 5
DEBUG 2023-12-11 20:18:00,642 views 19648 16300 Неверный логин или пароль
INFO 2023-12-11 20:18:14,060 views 19648 16300 Создан пользователь 88888888
INFO 2023-12-11 20:18:14,066 views 19648 16300 Вход в систему пользователя 6
DEBUG 2023-12-11 20:18:16,754 views 19648 16300 Документа пользователя 6 не существует
DEBUG 2023-12-11 20:18:49,825 views 18440 13640 Документа пользователя 6 не существует
DEBUG 2023-12-11 20:18:53,583 views 18440 13640 Документа пользователя 6 не существует
DEBUG 2023-12-11 20:26:08,467 views 20896 19320 Документа пользователя 6 не существует
INFO 2023-12-11 20:26:15,803 views 20896 19320 Сохранение паспортных данных пользователя 6
DEBUG 2023-12-11 20:26:15,872 views 20896 19320 Документа пользователя 6 не существует
DEBUG 2023-12-11 20:44:47,011 views 18704 2876 Документа пользователя 6 не существует change_driver_license
DEBUG 2023-12-11 20:54:57,348 views 18844 19656 Документа пользователя 6 не существует, redirect to change_driver_license
INFO 2023-12-11 21:11:29,362 views 18864 18488 Сохранение данных о супруге пользователя 6
INFO 2023-12-11 21:11:34,522 views 18864 18488 Удалены данные о супруге пользователя 6
INFO 2023-12-11 21:12:14,609 views 20036 13452 Сохранение данных о детях пользователя 6
INFO 2023-12-11 21:12:19,494 views 20036 13452 Сохранение данных о детях пользователя 6
INFO 2023-12-11 21:12:22,877 views 20036 13452 Удалены данные о ребенке пользователя 6
INFO 2023-12-11 21:12:37,847 views 20036 13452 Удалены данные о ребенке пользователя 6
INFO 2023-12-11 22:15:36,322 views 7904 7696 Сохранение данных контакта Шевцов Алексей пользователя 6
INFO 2023-12-11 22:15:56,173 views 7904 7696 Изменение данных о контакте 1 пользователя 6
DEBUG 2023-12-11 22:19:25,181 views 19612 19688 Ошибка сохранения данных контакта пользователя 6
INFO 2023-12-11 22:24:15,486 views 17444 20980 Удалены данные контакта 1 пользователя 6
INFO 2023-12-11 22:24:20,389 views 17444 20980 Сохранение данных контакта Виктория Шевцова пользователя 6
DEBUG 2023-12-11 22:24:28,002 views 17444 20980 Ошибка сохранения данных контакта пользователя 6
DEBUG 2023-12-11 22:24:29,429 views 17444 20980 Ошибка сохранения данных контакта пользователя 6
INFO 2023-12-11 22:25:31,412 views 2368 17900 Сохранение данных контакта 2 пользователя 6
DEBUG 2023-12-11 22:25:55,258 views 21184 6516 Ошибка сохранения данных контакта пользователя 6
DEBUG 2023-12-11 22:25:57,356 views 21184 6516 Ошибка сохранения данных контакта пользователя 6
INFO 2023-12-11 22:26:00,738 views 21184 6516 Сохранение данных контакта 2 пользователя 6
DEBUG 2023-12-11 22:26:05,169 views 21184 6516 Ошибка сохранения данных контакта 2 пользователя 6
INFO 2023-12-11 22:26:08,478 views 21184 6516 Изменение данных о контакте 2 пользователя 6
INFO 2023-12-11 22:26:13,304 views 21184 6516 Сохранение данных контакта 2 пользователя 6
DEBUG 2023-12-11 22:26:16,950 views 21184 6516 Ошибка сохранения данных контакта пользователя 6
DEBUG 2023-12-11 22:26:18,599 views 21184 6516 Ошибка сохранения данных контакта пользователя 6
INFO 2023-12-11 22:26:21,053 views 21184 6516 Сохранение данных контакта 2 пользователя 6
INFO 2023-12-11 22:26:23,927 views 21184 6516 Удалены данные контакта 2 пользователя 6
INFO 2023-12-11 22:26:31,385 views 21184 6516 Сохранение данных контакта Шевцов пользователя 6
DEBUG 2023-12-11 22:46:44,403 views 17032 18512 Ошибка сохранения данных контакта 3 пользователя 6
INFO 2023-12-11 22:46:52,384 views 17032 18512 Сохранение данных контакта 3 пользователя 6
DEBUG 2023-12-11 22:48:28,736 views 17696 1172 Ошибка сохранения данных контакта пользователя 6
INFO 2023-12-11 22:52:25,196 views 19768 18956 Сохранение данных контакта 3 пользователя 6
DEBUG 2023-12-11 22:52:34,506 views 19768 18956 Ошибка сохранения данных контакта пользователя 6
INFO 2023-12-11 22:52:38,602 views 19768 18956 Сохранение данных контакта 3 пользователя 6
DEBUG 2023-12-11 22:52:45,512 views 19768 18956 Ошибка сохранения данных контакта пользователя 6
INFO 2023-12-11 22:52:51,874 views 19768 18956 Сохранение данных контакта 3 пользователя 6
DEBUG 2023-12-11 22:52:59,828 views 19768 18956 Ошибка сохранения данных контакта пользователя 6
DEBUG 2023-12-11 22:53:01,804 views 19768 18956 Ошибка сохранения данных контакта пользователя 6
DEBUG 2023-12-11 22:53:02,392 views 19768 18956 Ошибка сохранения данных контакта пользователя 6
DEBUG 2023-12-11 22:53:02,669 views 19768 18956 Ошибка сохранения данных контакта пользователя 6
INFO 2023-12-11 22:53:04,125 views 19768 18956 Сохранение данных контакта 3 пользователя 6
INFO 2023-12-11 22:54:02,036 views 16656 14056 Сохранение данных контакта 3 пользователя 6
DEBUG 2023-12-11 22:54:29,800 views 18828 4356 Ошибка сохранения данных контакта пользователя 6
DEBUG 2023-12-11 22:54:32,220 views 18828 4356 Ошибка сохранения данных контакта пользователя 6 - Номер телефона пользователя уже существует
INFO 2023-12-11 22:56:25,369 views 19016 2664 Сохранение данных контакта 3 пользователя 6
DEBUG 2023-12-11 22:56:29,577 views 19016 2664 Ошибка сохранения данных контакта пользователя 6 - Номер телефона пользователя уже существует
INFO 2023-12-11 22:56:33,164 views 19016 2664 Сохранение данных контакта 3 пользователя 6
INFO 2023-12-11 22:56:39,107 views 19016 2664 Сохранение данных контакта 3 пользователя 6
INFO 2023-12-11 23:01:25,857 views 20564 6656 Сохранение данных контакта 3 пользователя 6
DEBUG 2023-12-11 23:01:28,206 views 20564 6656 Ошибка сохранения данных контакта пользователя 6
INFO 2023-12-11 23:01:34,236 views 20564 6656 Сохранение данных контакта 3 пользователя 6
INFO 2023-12-11 23:01:43,604 views 20564 6656 Сохранение данных контакта 3 пользователя 6
INFO 2023-12-11 23:02:32,304 views 11908 20920 Сохранение данных контакта 3 пользователя 6
DEBUG 2023-12-11 23:05:25,214 views 1444 8924 Ошибка сохранения данных контакта пользователя 6 - Номер телефона пользователя уже существует
INFO 2023-12-11 23:05:28,076 views 1444 8924 Сохранение данных контакта 3 пользователя 6
INFO 2023-12-11 23:09:38,058 views 10468 19448 Сохранение данных контакта 3 пользователя 6
INFO 2023-12-11 23:15:03,068 views 15884 20036 Сохранение данных контакта 3 пользователя 6
INFO 2023-12-11 23:16:32,183 views 15792 4028 Сохранение данных контакта 3 пользователя 6
INFO 2023-12-11 23:16:35,534 views 15792 4028 Сохранение данных контакта 3 пользователя 6
DEBUG 2023-12-11 23:16:38,513 views 15792 4028 Ошибка сохранения данных контакта пользователя 6
INFO 2023-12-11 23:16:41,221 views 15792 4028 Сохранение данных контакта 3 пользователя 6
